<?xml version="1.0" encoding="UTF-8"?>
<coverage generated="1668185421471" clover="3.2.0">
  <project timestamp="1668185421471" name="All files">
    <metrics statements="19" coveredstatements="18" conditionals="4" coveredconditionals="2" methods="12" coveredmethods="12" elements="35" coveredelements="32" complexity="0" loc="19" ncloc="19" packages="1" files="4" classes="4"/>
    <file name="Card.js" path="/Users/sebas/Desktop/robofriends-testing/src/components/Card.js">
      <metrics statements="2" coveredstatements="2" conditionals="0" coveredconditionals="0" methods="1" coveredmethods="1"/>
      <line num="4" count="3" type="stmt"/>
      <line num="5" count="1" type="stmt"/>
    </file>
    <file name="CardList.js" path="/Users/sebas/Desktop/robofriends-testing/src/components/CardList.js">
      <metrics statements="3" coveredstatements="3" conditionals="0" coveredconditionals="0" methods="2" coveredmethods="2"/>
      <line num="4" count="2" type="stmt"/>
      <line num="5" count="1" type="stmt"/>
      <line num="9" count="1" type="stmt"/>
    </file>
    <file name="CounterButton.js" path="/Users/sebas/Desktop/robofriends-testing/src/components/CounterButton.js">
      <metrics statements="7" coveredstatements="6" conditionals="2" coveredconditionals="1" methods="5" coveredmethods="5"/>
      <line num="5" count="2" type="stmt"/>
      <line num="6" count="2" type="stmt"/>
      <line num="12" count="3" type="cond" truecount="1" falsecount="1"/>
      <line num="13" count="3" type="stmt"/>
      <line num="15" count="0" type="stmt"/>
      <line num="19" count="5" type="stmt"/>
      <line num="23" count="3" type="stmt"/>
    </file>
    <file name="MainPage.js" path="/Users/sebas/Desktop/robofriends-testing/src/components/MainPage.js">
      <metrics statements="7" coveredstatements="7" conditionals="2" coveredconditionals="1" methods="4" coveredmethods="4"/>
      <line num="11" count="5" type="stmt"/>
      <line num="14" count="5" type="stmt"/>
      <line num="15" count="7" type="stmt"/>
      <line num="16" count="7" type="stmt"/>
      <line num="17" count="4" type="stmt"/>
      <line num="22" count="5" type="stmt"/>
      <line num="24" count="5" type="stmt"/>
    </file>
  </project>
</coverage>
