TN:
SF:src/components/Card.js
FN:4,(anonymous_0)
FNF:1
FNH:1
FNDA:1,(anonymous_0)
DA:4,3
DA:5,1
LF:2
LH:2
BRF:0
BRH:0
end_of_record
TN:
SF:src/components/CardList.js
FN:4,(anonymous_0)
FN:8,(anonymous_1)
FNF:2
FNH:2
FNDA:1,(anonymous_0)
FNDA:1,(anonymous_1)
DA:4,2
DA:5,1
DA:9,1
LF:3
LH:3
BRF:0
BRH:0
end_of_record
TN:
SF:src/components/CounterButton.js
FN:4,(anonymous_0)
FN:11,(anonymous_1)
FN:18,(anonymous_2)
FN:23,(anonymous_3)
FN:23,(anonymous_4)
FNF:5
FNH:5
FNDA:2,(anonymous_0)
FNDA:3,(anonymous_1)
FNDA:5,(anonymous_2)
FNDA:3,(anonymous_3)
FNDA:3,(anonymous_4)
DA:5,2
DA:6,2
DA:12,3
DA:13,3
DA:15,0
DA:19,5
DA:23,3
LF:7
LH:6
BRDA:12,0,0,3
BRDA:12,0,1,0
BRF:2
BRH:1
end_of_record
TN:
SF:src/components/MainPage.js
FN:10,(anonymous_0)
FN:14,(anonymous_1)
FN:16,(anonymous_2)
FN:21,(anonymous_3)
FNF:4
FNH:4
FNDA:5,(anonymous_0)
FNDA:7,(anonymous_1)
FNDA:4,(anonymous_2)
FNDA:5,(anonymous_3)
DA:11,5
DA:14,5
DA:15,7
DA:16,7
DA:17,4
DA:22,5
DA:24,5
LF:7
LH:7
BRDA:29,0,0,0
BRDA:29,0,1,5
BRF:2
BRH:1
end_of_record
